-------------------------------------------------------------------------------
Test set: Tutoria.Tutoria.TutoriaApplicationTests
-------------------------------------------------------------------------------
Tests run: 1, Failures: 0, Errors: 1, Skipped: 0, Time elapsed: 0.311 s <<< FAILURE! - in Tutoria.Tutoria.TutoriaApplicationTests
Tutoria.Tutoria.TutoriaApplicationTests  Time elapsed: 0.309 s  <<< ERROR!
java.lang.IllegalStateException: Unable to find a @SpringBootConfiguration, you need to use @ContextConfiguration or @SpringBootTest(classes=...) with your test

